Unity Editor version:    2022.3.18f1 (d29bea25151d)
Branch:                  2022.3/release
Build type:              Release
Batch mode:              YES
macOS version:           Version 14.1.2 (Build 23B92)
Darwin version:          23.1.0
Architecture:            x86_64
Running under Rosetta:   NO
Available memory:        16384 MB
Using pre-set license
Pro License: YES

COMMAND LINE ARGUMENTS:
/Applications/Unity/Hub/Editor/2022.3.18f1/Unity.app/Contents/MacOS/Unity
-adb2
-batchMode
-noUpm
-name
AssetImportWorker2
-projectPath
/Users/hongliu/Rizzmo
-logFile
Logs/AssetImportWorker2.log
-srvPort
49372
Successfully changed project path to: /Users/hongliu/Rizzmo
/Users/hongliu/Rizzmo
[UnityMemory] Configuration Parameters - Can be set up in boot.config
    "memorysetup-bucket-allocator-granularity=16"
    "memorysetup-bucket-allocator-bucket-count=8"
    "memorysetup-bucket-allocator-block-size=33554432"
    "memorysetup-bucket-allocator-block-count=8"
    "memorysetup-main-allocator-block-size=16777216"
    "memorysetup-thread-allocator-block-size=16777216"
    "memorysetup-gfx-main-allocator-block-size=16777216"
    "memorysetup-gfx-thread-allocator-block-size=16777216"
    "memorysetup-cache-allocator-block-size=4194304"
    "memorysetup-typetree-allocator-block-size=2097152"
    "memorysetup-profiler-bucket-allocator-granularity=16"
    "memorysetup-profiler-bucket-allocator-bucket-count=8"
    "memorysetup-profiler-bucket-allocator-block-size=33554432"
    "memorysetup-profiler-bucket-allocator-block-count=8"
    "memorysetup-profiler-allocator-block-size=16777216"
    "memorysetup-profiler-editor-allocator-block-size=1048576"
    "memorysetup-temp-allocator-size-main=16777216"
    "memorysetup-job-temp-allocator-block-size=2097152"
    "memorysetup-job-temp-allocator-block-size-background=1048576"
    "memorysetup-job-temp-allocator-reduction-small-platforms=262144"
    "memorysetup-allocator-temp-initial-block-size-main=262144"
    "memorysetup-allocator-temp-initial-block-size-worker=262144"
    "memorysetup-temp-allocator-size-background-worker=32768"
    "memorysetup-temp-allocator-size-job-worker=262144"
    "memorysetup-temp-allocator-size-preload-manager=33554432"
    "memorysetup-temp-allocator-size-nav-mesh-worker=65536"
    "memorysetup-temp-allocator-size-audio-worker=65536"
    "memorysetup-temp-allocator-size-cloud-worker=32768"
    "memorysetup-temp-allocator-size-gi-baking-worker=262144"
    "memorysetup-temp-allocator-size-gfx=262144"
Player connection [140704334461760] Host "[IP] 192.168.255.27 [Port] 0 [Flags] 2 [Guid] 933206026 [EditorId] 933206026 [Version] 1048832 [Id] OSXEditor(0,Hongs-MacBook-Pro.local) [Debug] 1 [PackageName] OSXEditor [ProjectName] Editor" joined multi-casting on [225.0.0.222:54997]...

Player connection [140704334461760] Host "[IP] 192.168.255.27 [Port] 0 [Flags] 2 [Guid] 933206026 [EditorId] 933206026 [Version] 1048832 [Id] OSXEditor(0,Hongs-MacBook-Pro.local) [Debug] 1 [PackageName] OSXEditor [ProjectName] Editor" joined alternative multi-casting on [225.0.0.222:34997]...

[Physics::Module] Initialized MultithreadedJobDispatcher with 11 workers.
Refreshing native plugins compatible for Editor in 4.64 ms, found 2 plugins.
Preloading 0 native plugins for Editor in 0.00 ms.
Initialize engine version: 2022.3.18f1 (d29bea25151d)
[Subsystems] Discovering subsystems at path /Applications/Unity/Hub/Editor/2022.3.18f1/Unity.app/Contents/Resources/UnitySubsystems
[Subsystems] Discovering subsystems at path /Users/hongliu/Rizzmo/Assets
GfxDevice: creating device client; threaded=0; jobified=0
Color LCD preferred device: AMD Radeon Pro 5300M (high power)
Metal devices available: 2
0: AMD Radeon Pro 5300M (high power)
1: Intel(R) UHD Graphics 630 (low power)
Using device AMD Radeon Pro 5300M (high power)
Initializing Metal device caps: AMD Radeon Pro 5300M
Shader 'Distant Lands/Stylized Terrain First Pass': dependency 'BaseMapShader' shader 'Distant Lands/Stylized Terrain' not found
Shader 'Distant Lands/Stylized Terrain First Pass': dependency 'BaseMapShader' shader 'Distant Lands/Stylized Terrain' not found
Initialize mono
Mono path[0] = '/Applications/Unity/Hub/Editor/2022.3.18f1/Unity.app/Contents/Managed'
Mono path[1] = '/Applications/Unity/Hub/Editor/2022.3.18f1/Unity.app/Contents/MonoBleedingEdge/lib/mono/unityjit-macos'
Mono config path = '/Applications/Unity/Hub/Editor/2022.3.18f1/Unity.app/Contents/MonoBleedingEdge/etc'
Using monoOptions --debugger-agent=transport=dt_socket,embedding=1,server=y,suspend=n,address=127.0.0.1:56812
Begin MonoManager ReloadAssembly
Registering precompiled unity dll's ...
Register platform support module: /Applications/Unity/Hub/Editor/2022.3.18f1/PlaybackEngines/WebGLSupport/UnityEditor.WebGL.Extensions.dll
Register platform support module: /Applications/Unity/Hub/Editor/2022.3.18f1/Unity.app/Contents/PlaybackEngines/MacStandaloneSupport/UnityEditor.OSXStandalone.Extensions.dll
Registered in 0.002096 seconds.
- Loaded All Assemblies, in  0.417 seconds
Native extension for OSXStandalone target not found
Native extension for WebGL target not found
Mono: successfully reloaded assembly
- Finished resetting the current domain, in  0.301 seconds
Domain Reload Profiling: 718ms
	BeginReloadAssembly (103ms)
		ExecutionOrderSort (0ms)
		DisableScriptedObjects (0ms)
		BackupInstance (0ms)
		ReleaseScriptingObjects (0ms)
		CreateAndSetChildDomain (1ms)
	RebuildCommonClasses (49ms)
	RebuildNativeTypeToScriptingClass (13ms)
	initialDomainReloadingComplete (60ms)
	LoadAllAssembliesAndSetupDomain (192ms)
		LoadAssemblies (102ms)
		RebuildTransferFunctionScriptingTraits (0ms)
		AnalyzeDomain (190ms)
			TypeCache.Refresh (188ms)
				TypeCache.ScanAssembly (173ms)
			ScanForSourceGeneratedMonoScriptInfo (0ms)
			ResolveRequiredComponents (0ms)
	FinalizeReload (302ms)
		ReleaseScriptCaches (0ms)
		RebuildScriptCaches (0ms)
		SetupLoadedEditorAssemblies (233ms)
			LogAssemblyErrors (0ms)
			InitializePlatformSupportModulesInManaged (8ms)
			SetLoadedEditorAssemblies (6ms)
			RefreshPlugins (0ms)
			BeforeProcessingInitializeOnLoad (2ms)
			ProcessInitializeOnLoadAttributes (166ms)
			ProcessInitializeOnLoadMethodAttributes (51ms)
			AfterProcessingInitializeOnLoad (0ms)
			EditorAssembliesLoaded (0ms)
		ExecutionOrderSort2 (0ms)
		AwakeInstancesAfterBackupRestoration (0ms)
========================================================================
Worker process is ready to serve import requests
Begin MonoManager ReloadAssembly
- Loaded All Assemblies, in  0.746 seconds
Refreshing native plugins compatible for Editor in 1.20 ms, found 2 plugins.
Native extension for OSXStandalone target not found
Native extension for WebGL target not found
Package Manager log level set to [2]
[Package Manager] Server::EnsureServerProcessIsRunning -- launch failed, reason: Unity was launched with the -noUpm command-line argument
[Package Manager] UpmClient::Send -- Unable to send message (not connected to UPM process).
[Package Manager] Cannot connect to Unity Package Manager local server
Mono: successfully reloaded assembly
- Finished resetting the current domain, in  0.855 seconds
Domain Reload Profiling: 1602ms
	BeginReloadAssembly (142ms)
		ExecutionOrderSort (0ms)
		DisableScriptedObjects (7ms)
		BackupInstance (0ms)
		ReleaseScriptingObjects (0ms)
		CreateAndSetChildDomain (30ms)
	RebuildCommonClasses (44ms)
	RebuildNativeTypeToScriptingClass (13ms)
	initialDomainReloadingComplete (42ms)
	LoadAllAssembliesAndSetupDomain (504ms)
		LoadAssemblies (351ms)
		RebuildTransferFunctionScriptingTraits (0ms)
		AnalyzeDomain (219ms)
			TypeCache.Refresh (191ms)
				TypeCache.ScanAssembly (172ms)
			ScanForSourceGeneratedMonoScriptInfo (19ms)
			ResolveRequiredComponents (6ms)
	FinalizeReload (856ms)
		ReleaseScriptCaches (0ms)
		RebuildScriptCaches (0ms)
		SetupLoadedEditorAssemblies (670ms)
			LogAssemblyErrors (0ms)
			InitializePlatformSupportModulesInManaged (5ms)
			SetLoadedEditorAssemblies (5ms)
			RefreshPlugins (0ms)
			BeforeProcessingInitializeOnLoad (51ms)
			ProcessInitializeOnLoadAttributes (584ms)
			ProcessInitializeOnLoadMethodAttributes (23ms)
			AfterProcessingInitializeOnLoad (1ms)
			EditorAssembliesLoaded (0ms)
		ExecutionOrderSort2 (0ms)
		AwakeInstancesAfterBackupRestoration (4ms)
Shader 'Nature/Terrain/StylizedTerrain': dependency 'BaseMapShader' shader 'ASESampleShaders/SimpleTerrainBase' not found
Shader 'Nature/Terrain/StylizedTerrain': dependency 'AddPassShader' shader 'ASESampleShaders/Terrain/SimpleTerrainAddPass' not found
Shader 'Nature/Terrain/StylizedTerrain': dependency 'BaseMapShader' shader 'ASESampleShaders/SimpleTerrainBase' not found
Shader 'Nature/Terrain/StylizedTerrain': dependency 'AddPassShader' shader 'ASESampleShaders/Terrain/SimpleTerrainAddPass' not found
Shader 'Distant Lands/Stylized Terrain First Pass': dependency 'BaseMapShader' shader 'Distant Lands/Stylized Terrain' not found
Shader 'Nature/Terrain/StylizedTerrain': dependency 'BaseMapShader' shader 'ASESampleShaders/SimpleTerrainBase' not found
Shader 'Nature/Terrain/StylizedTerrain': dependency 'AddPassShader' shader 'ASESampleShaders/Terrain/SimpleTerrainAddPass' not found
Launching external process: /Applications/Unity/Hub/Editor/2022.3.18f1/Unity.app/Contents/Tools/UnityShaderCompiler
Launched and connected shader compiler UnityShaderCompiler after 0.07 seconds
Refreshing native plugins compatible for Editor in 1.01 ms, found 2 plugins.
Preloading 0 native plugins for Editor in 0.00 ms.
Unloading 3116 Unused Serialized files (Serialized files now loaded: 0)
Unloading 33 unused Assets / (2.4 MB). Loaded Objects now: 3588.
Memory consumption went from 153.0 MB to 150.6 MB.
Total: 4.281192 ms (FindLiveObjects: 0.243843 ms CreateObjectMapping: 0.169237 ms MarkObjects: 3.397967 ms  DeleteObjects: 0.469379 ms)

AssetImportParameters requested are different than current active one (requested -> active):
  custom:container-demuxer-ogg: 62fdf1f143b41e24485cea50d1cbac27 -> 
  custom:video-decoder-ogg-theora: a1e56fd34408186e4bbccfd4996cb3dc -> 
  custom:CustomObjectIndexerAttribute: 6d391050e5a25f67b0a2c618074f2cd9 -> 
  custom:container-demuxer-webm: 4f35f7cbe854078d1ac9338744f61a02 -> 
  custom:container-muxer-webm: aa71ff27fc2769a1b78a27578f13a17b -> 
  custom:video-decoder-webm-vp8: 9c59270c3fd7afecdb556c50c9e8de78 -> 
  custom:SearchIndexIgnoredProperties: e643bd26f0fe6173181afceb89e7c659 -> 
  custom:AudioImporter_EditorPlatform: 3918e3fc78b5a79bad01e8451be0beb8 -> 
  custom:scripting/monoscript/fileName/GreatWhiteShark.cs: fa9b7dd6811f5e6a484e230fa3ebdb85 -> 
  custom:framework-osx-AVFoundation: e770b220cccbd017edd2c1fefb359320 -> 
  custom:video-encoder-webm-vp8: eb34c28f22e8b96e1ab97ce403110664 -> 
  custom:audio-decoder-ogg-vorbis: bf7c407c2cedff20999df2af8eb42d56 -> 
  custom:audio-encoder-webm-vorbis: bf7c407c2cedff20999df2af8eb42d56 -> 
========================================================================
Received Import Request.
  Time since last request: 4110.052527 seconds.
  path: Assets/Distant Lands/Thalassophobia - Low Poly Oceans/Contents/Prefabs/Environment/Coral/Hard Coral/Large Shelf Coral 3.prefab
  artifactKey: Guid(209f5c5c47c8c36478be93253a356e21) Importer(815301076,1909f56bfc062723c751e8b465ee728b)
Start importing Assets/Distant Lands/Thalassophobia - Low Poly Oceans/Contents/Prefabs/Environment/Coral/Hard Coral/Large Shelf Coral 3.prefab using Guid(209f5c5c47c8c36478be93253a356e21) Importer(815301076,1909f56bfc062723c751e8b465ee728b)  -> (artifact id: '08c79f92b84f5417426a93d031b916ff') in 0.210211 seconds
Number of updated asset objects reloaded before import = 0
Number of asset objects unloaded after import = 10
========================================================================
Received Import Request.
  Time since last request: 63.360892 seconds.
  path: Assets/Distant Lands/Thalassophobia - Low Poly Oceans/Contents/Prefabs/Environment/Coral/Hard Coral/Large Shelf Coral 4.prefab
  artifactKey: Guid(5515749dada02f2498477ab13833e3c1) Importer(815301076,1909f56bfc062723c751e8b465ee728b)
Start importing Assets/Distant Lands/Thalassophobia - Low Poly Oceans/Contents/Prefabs/Environment/Coral/Hard Coral/Large Shelf Coral 4.prefab using Guid(5515749dada02f2498477ab13833e3c1) Importer(815301076,1909f56bfc062723c751e8b465ee728b)  -> (artifact id: '285a489ded785f4b178110b748525290') in 0.009383 seconds
Number of updated asset objects reloaded before import = 0
Number of asset objects unloaded after import = 10
========================================================================
Received Import Request.
  Time since last request: 0.000065 seconds.
  path: Assets/Distant Lands/Thalassophobia - Low Poly Oceans/Contents/Prefabs/Environment/Coral/Hard Coral/Shelf Coral 2.prefab
  artifactKey: Guid(60683972fdbd8df489388dd8799d064c) Importer(815301076,1909f56bfc062723c751e8b465ee728b)
Start importing Assets/Distant Lands/Thalassophobia - Low Poly Oceans/Contents/Prefabs/Environment/Coral/Hard Coral/Shelf Coral 2.prefab using Guid(60683972fdbd8df489388dd8799d064c) Importer(815301076,1909f56bfc062723c751e8b465ee728b)  -> (artifact id: '9fe975d5aec3a7a1efac8f2098907656') in 0.008314 seconds
Number of updated asset objects reloaded before import = 0
Number of asset objects unloaded after import = 10
========================================================================
Received Import Request.
  Time since last request: 0.000087 seconds.
  path: Assets/Distant Lands/Thalassophobia - Low Poly Oceans/Contents/Prefabs/Environment/Coral/Hard Coral/Shelf Coral 5.prefab
  artifactKey: Guid(9250ff7867c5a8c41a63a0d0c3bfce1e) Importer(815301076,1909f56bfc062723c751e8b465ee728b)
Start importing Assets/Distant Lands/Thalassophobia - Low Poly Oceans/Contents/Prefabs/Environment/Coral/Hard Coral/Shelf Coral 5.prefab using Guid(9250ff7867c5a8c41a63a0d0c3bfce1e) Importer(815301076,1909f56bfc062723c751e8b465ee728b)  -> (artifact id: '7d5f555b6f46d7f6d2a608a8a55f2f93') in 0.008668 seconds
Number of updated asset objects reloaded before import = 0
Number of asset objects unloaded after import = 10
========================================================================
Received Import Request.
  Time since last request: 0.000137 seconds.
  path: Assets/Distant Lands/Thalassophobia - Low Poly Oceans/Contents/Prefabs/Environment/Coral/Hard Coral/Shelf Coral 3.prefab
  artifactKey: Guid(bcdca1794f4dd4e4591c2312a55fd77f) Importer(815301076,1909f56bfc062723c751e8b465ee728b)
Start importing Assets/Distant Lands/Thalassophobia - Low Poly Oceans/Contents/Prefabs/Environment/Coral/Hard Coral/Shelf Coral 3.prefab using Guid(bcdca1794f4dd4e4591c2312a55fd77f) Importer(815301076,1909f56bfc062723c751e8b465ee728b)  -> (artifact id: 'a27d8a6b204123fa606a558900c7cfc5') in 0.008312 seconds
Number of updated asset objects reloaded before import = 0
Number of asset objects unloaded after import = 10
========================================================================
Received Prepare
Begin MonoManager ReloadAssembly
- Loaded All Assemblies, in  0.547 seconds
Refreshing native plugins compatible for Editor in 1.33 ms, found 2 plugins.
Native extension for OSXStandalone target not found
Native extension for WebGL target not found
[Package Manager] Server::EnsureServerProcessIsRunning -- launch failed, reason: Unity was launched with the -noUpm command-line argument
[Package Manager] UpmClient::Send -- Unable to send message (not connected to UPM process).
[Package Manager] Cannot connect to Unity Package Manager local server
Mono: successfully reloaded assembly
- Finished resetting the current domain, in  1.420 seconds
Domain Reload Profiling: 1967ms
	BeginReloadAssembly (187ms)
		ExecutionOrderSort (0ms)
		DisableScriptedObjects (6ms)
		BackupInstance (0ms)
		ReleaseScriptingObjects (0ms)
		CreateAndSetChildDomain (60ms)
	RebuildCommonClasses (56ms)
	RebuildNativeTypeToScriptingClass (17ms)
	initialDomainReloadingComplete (30ms)
	LoadAllAssembliesAndSetupDomain (257ms)
		LoadAssemblies (328ms)
		RebuildTransferFunctionScriptingTraits (0ms)
		AnalyzeDomain (18ms)
			TypeCache.Refresh (8ms)
				TypeCache.ScanAssembly (0ms)
			ScanForSourceGeneratedMonoScriptInfo (0ms)
			ResolveRequiredComponents (7ms)
	FinalizeReload (1420ms)
		ReleaseScriptCaches (0ms)
		RebuildScriptCaches (0ms)
		SetupLoadedEditorAssemblies (686ms)
			LogAssemblyErrors (0ms)
			InitializePlatformSupportModulesInManaged (6ms)
			SetLoadedEditorAssemblies (4ms)
			RefreshPlugins (0ms)
			BeforeProcessingInitializeOnLoad (55ms)
			ProcessInitializeOnLoadAttributes (596ms)
			ProcessInitializeOnLoadMethodAttributes (23ms)
			AfterProcessingInitializeOnLoad (1ms)
			EditorAssembliesLoaded (0ms)
		ExecutionOrderSort2 (0ms)
		AwakeInstancesAfterBackupRestoration (5ms)
Shader 'Nature/Terrain/StylizedTerrain': dependency 'BaseMapShader' shader 'ASESampleShaders/SimpleTerrainBase' not found
Shader 'Nature/Terrain/StylizedTerrain': dependency 'AddPassShader' shader 'ASESampleShaders/Terrain/SimpleTerrainAddPass' not found
Shader 'Nature/Terrain/StylizedTerrain': dependency 'BaseMapShader' shader 'ASESampleShaders/SimpleTerrainBase' not found
Shader 'Nature/Terrain/StylizedTerrain': dependency 'AddPassShader' shader 'ASESampleShaders/Terrain/SimpleTerrainAddPass' not found
Shader 'Nature/Terrain/StylizedTerrain': dependency 'BaseMapShader' shader 'ASESampleShaders/SimpleTerrainBase' not found
Shader 'Nature/Terrain/StylizedTerrain': dependency 'AddPassShader' shader 'ASESampleShaders/Terrain/SimpleTerrainAddPass' not found
Shader 'Distant Lands/Stylized Terrain First Pass': dependency 'BaseMapShader' shader 'Distant Lands/Stylized Terrain' not found
Refreshing native plugins compatible for Editor in 1.39 ms, found 2 plugins.
Preloading 0 native plugins for Editor in 0.00 ms.
Unloading 3084 Unused Serialized files (Serialized files now loaded: 0)
Unloading 24 unused Assets / (2.3 MB). Loaded Objects now: 3599.
Memory consumption went from 156.0 MB to 153.7 MB.
Total: 5.553357 ms (FindLiveObjects: 0.306466 ms CreateObjectMapping: 0.340451 ms MarkObjects: 4.243714 ms  DeleteObjects: 0.661285 ms)

Prepare: number of updated asset objects reloaded= 0
AssetImportParameters requested are different than current active one (requested -> active):
  custom:container-demuxer-ogg: 62fdf1f143b41e24485cea50d1cbac27 -> 
  custom:video-decoder-ogg-theora: a1e56fd34408186e4bbccfd4996cb3dc -> 
  custom:CustomObjectIndexerAttribute: 6d391050e5a25f67b0a2c618074f2cd9 -> 
  custom:container-demuxer-webm: 4f35f7cbe854078d1ac9338744f61a02 -> 
  custom:container-muxer-webm: aa71ff27fc2769a1b78a27578f13a17b -> 
  custom:video-decoder-webm-vp8: 9c59270c3fd7afecdb556c50c9e8de78 -> 
  custom:SearchIndexIgnoredProperties: e643bd26f0fe6173181afceb89e7c659 -> 
  custom:AudioImporter_EditorPlatform: 3918e3fc78b5a79bad01e8451be0beb8 -> 
  custom:scripting/monoscript/fileName/GreatWhiteShark.cs: fa9b7dd6811f5e6a484e230fa3ebdb85 -> 
  custom:framework-osx-AVFoundation: e770b220cccbd017edd2c1fefb359320 -> 
  custom:video-encoder-webm-vp8: eb34c28f22e8b96e1ab97ce403110664 -> 
  custom:audio-decoder-ogg-vorbis: bf7c407c2cedff20999df2af8eb42d56 -> 
  custom:audio-encoder-webm-vorbis: bf7c407c2cedff20999df2af8eb42d56 -> 
========================================================================
Received Prepare
Begin MonoManager ReloadAssembly
- Loaded All Assemblies, in  0.516 seconds
Refreshing native plugins compatible for Editor in 1.56 ms, found 2 plugins.
Native extension for OSXStandalone target not found
Native extension for WebGL target not found
[Package Manager] Server::EnsureServerProcessIsRunning -- launch failed, reason: Unity was launched with the -noUpm command-line argument
[Package Manager] UpmClient::Send -- Unable to send message (not connected to UPM process).
[Package Manager] Cannot connect to Unity Package Manager local server
Mono: successfully reloaded assembly
- Finished resetting the current domain, in  1.393 seconds
Domain Reload Profiling: 1911ms
	BeginReloadAssembly (175ms)
		ExecutionOrderSort (0ms)
		DisableScriptedObjects (6ms)
		BackupInstance (0ms)
		ReleaseScriptingObjects (0ms)
		CreateAndSetChildDomain (56ms)
	RebuildCommonClasses (49ms)
	RebuildNativeTypeToScriptingClass (15ms)
	initialDomainReloadingComplete (28ms)
	LoadAllAssembliesAndSetupDomain (250ms)
		LoadAssemblies (309ms)
		RebuildTransferFunctionScriptingTraits (0ms)
		AnalyzeDomain (20ms)
			TypeCache.Refresh (9ms)
				TypeCache.ScanAssembly (0ms)
			ScanForSourceGeneratedMonoScriptInfo (0ms)
			ResolveRequiredComponents (7ms)
	FinalizeReload (1393ms)
		ReleaseScriptCaches (0ms)
		RebuildScriptCaches (0ms)
		SetupLoadedEditorAssemblies (608ms)
			LogAssemblyErrors (0ms)
			InitializePlatformSupportModulesInManaged (5ms)
			SetLoadedEditorAssemblies (4ms)
			RefreshPlugins (0ms)
			BeforeProcessingInitializeOnLoad (53ms)
			ProcessInitializeOnLoadAttributes (521ms)
			ProcessInitializeOnLoadMethodAttributes (23ms)
			AfterProcessingInitializeOnLoad (1ms)
			EditorAssembliesLoaded (0ms)
		ExecutionOrderSort2 (0ms)
		AwakeInstancesAfterBackupRestoration (4ms)
Shader 'Nature/Terrain/StylizedTerrain': dependency 'BaseMapShader' shader 'ASESampleShaders/SimpleTerrainBase' not found
Shader 'Nature/Terrain/StylizedTerrain': dependency 'AddPassShader' shader 'ASESampleShaders/Terrain/SimpleTerrainAddPass' not found
Shader 'Nature/Terrain/StylizedTerrain': dependency 'BaseMapShader' shader 'ASESampleShaders/SimpleTerrainBase' not found
Shader 'Nature/Terrain/StylizedTerrain': dependency 'AddPassShader' shader 'ASESampleShaders/Terrain/SimpleTerrainAddPass' not found
Shader 'Distant Lands/Stylized Terrain First Pass': dependency 'BaseMapShader' shader 'Distant Lands/Stylized Terrain' not found
Shader 'Nature/Terrain/StylizedTerrain': dependency 'BaseMapShader' shader 'ASESampleShaders/SimpleTerrainBase' not found
Shader 'Nature/Terrain/StylizedTerrain': dependency 'AddPassShader' shader 'ASESampleShaders/Terrain/SimpleTerrainAddPass' not found
Refreshing native plugins compatible for Editor in 1.12 ms, found 2 plugins.
Preloading 0 native plugins for Editor in 0.00 ms.
Unloading 3085 Unused Serialized files (Serialized files now loaded: 0)
Unloading 24 unused Assets / (2.3 MB). Loaded Objects now: 3602.
Memory consumption went from 164.0 MB to 161.6 MB.
Total: 4.892620 ms (FindLiveObjects: 0.322113 ms CreateObjectMapping: 0.386731 ms MarkObjects: 3.503636 ms  DeleteObjects: 0.679026 ms)

Prepare: number of updated asset objects reloaded= 0
AssetImportParameters requested are different than current active one (requested -> active):
  custom:container-demuxer-ogg: 62fdf1f143b41e24485cea50d1cbac27 -> 
  custom:video-decoder-ogg-theora: a1e56fd34408186e4bbccfd4996cb3dc -> 
  custom:CustomObjectIndexerAttribute: 6d391050e5a25f67b0a2c618074f2cd9 -> 
  custom:container-demuxer-webm: 4f35f7cbe854078d1ac9338744f61a02 -> 
  custom:container-muxer-webm: aa71ff27fc2769a1b78a27578f13a17b -> 
  custom:video-decoder-webm-vp8: 9c59270c3fd7afecdb556c50c9e8de78 -> 
  custom:SearchIndexIgnoredProperties: e643bd26f0fe6173181afceb89e7c659 -> 
  custom:AudioImporter_EditorPlatform: 3918e3fc78b5a79bad01e8451be0beb8 -> 
  custom:scripting/monoscript/fileName/GreatWhiteShark.cs: fa9b7dd6811f5e6a484e230fa3ebdb85 -> 
  custom:framework-osx-AVFoundation: e770b220cccbd017edd2c1fefb359320 -> 
  custom:video-encoder-webm-vp8: eb34c28f22e8b96e1ab97ce403110664 -> 
  custom:audio-decoder-ogg-vorbis: bf7c407c2cedff20999df2af8eb42d56 -> 
  custom:audio-encoder-webm-vorbis: bf7c407c2cedff20999df2af8eb42d56 -> 
========================================================================
Received Import Request.
  Time since last request: 219.793075 seconds.
  path: Assets/Distant Lands/Thalassophobia - Low Poly Oceans/Contents/Prefabs/Environment/Coral/Hard Coral/Large Shelf Coral 3.prefab
  artifactKey: Guid(209f5c5c47c8c36478be93253a356e21) Importer(815301076,1909f56bfc062723c751e8b465ee728b)
Start importing Assets/Distant Lands/Thalassophobia - Low Poly Oceans/Contents/Prefabs/Environment/Coral/Hard Coral/Large Shelf Coral 3.prefab using Guid(209f5c5c47c8c36478be93253a356e21) Importer(815301076,1909f56bfc062723c751e8b465ee728b)  -> (artifact id: '4c5e8060b441c2a091c0a604f14ca2ba') in 0.180909 seconds
Number of updated asset objects reloaded before import = 0
Number of asset objects unloaded after import = 10
========================================================================
Received Import Request.
  Time since last request: 0.000138 seconds.
  path: Assets/Distant Lands/Thalassophobia - Low Poly Oceans/Contents/Prefabs/Environment/Coral/Hard Coral/Shelf Coral 2.prefab
  artifactKey: Guid(60683972fdbd8df489388dd8799d064c) Importer(815301076,1909f56bfc062723c751e8b465ee728b)
Start importing Assets/Distant Lands/Thalassophobia - Low Poly Oceans/Contents/Prefabs/Environment/Coral/Hard Coral/Shelf Coral 2.prefab using Guid(60683972fdbd8df489388dd8799d064c) Importer(815301076,1909f56bfc062723c751e8b465ee728b)  -> (artifact id: '30c36f8d880f87cbffb92573196eefdd') in 0.025326 seconds
Number of updated asset objects reloaded before import = 0
Number of asset objects unloaded after import = 10
========================================================================
Received Import Request.
  Time since last request: 0.000207 seconds.
  path: Assets/Distant Lands/Thalassophobia - Low Poly Oceans/Contents/Prefabs/Environment/Coral/Hard Coral/Shelf Coral 1.prefab
  artifactKey: Guid(59e0e737595ea9c4491a3f75e11b09ca) Importer(815301076,1909f56bfc062723c751e8b465ee728b)
Start importing Assets/Distant Lands/Thalassophobia - Low Poly Oceans/Contents/Prefabs/Environment/Coral/Hard Coral/Shelf Coral 1.prefab using Guid(59e0e737595ea9c4491a3f75e11b09ca) Importer(815301076,1909f56bfc062723c751e8b465ee728b)  -> (artifact id: '24f345150b4b875282fc43e1277b4ec8') in 0.017961 seconds
Number of updated asset objects reloaded before import = 0
Number of asset objects unloaded after import = 10
========================================================================
Received Import Request.
  Time since last request: 0.000384 seconds.
  path: Assets/Distant Lands/Thalassophobia - Low Poly Oceans/Contents/Prefabs/Environment/Coral/Hard Coral/Shelf Coral 3.prefab
  artifactKey: Guid(bcdca1794f4dd4e4591c2312a55fd77f) Importer(815301076,1909f56bfc062723c751e8b465ee728b)
Start importing Assets/Distant Lands/Thalassophobia - Low Poly Oceans/Contents/Prefabs/Environment/Coral/Hard Coral/Shelf Coral 3.prefab using Guid(bcdca1794f4dd4e4591c2312a55fd77f) Importer(815301076,1909f56bfc062723c751e8b465ee728b)  -> (artifact id: 'f27f54514b287c2c9611199dacc376e8') in 0.014173 seconds
Number of updated asset objects reloaded before import = 0
Number of asset objects unloaded after import = 10
========================================================================
Received Prepare
Begin MonoManager ReloadAssembly
- Loaded All Assemblies, in  0.684 seconds
Refreshing native plugins compatible for Editor in 1.70 ms, found 2 plugins.
Native extension for OSXStandalone target not found
Native extension for WebGL target not found
[Package Manager] Server::EnsureServerProcessIsRunning -- launch failed, reason: Unity was launched with the -noUpm command-line argument
[Package Manager] UpmClient::Send -- Unable to send message (not connected to UPM process).
[Package Manager] Cannot connect to Unity Package Manager local server
Mono: successfully reloaded assembly
- Finished resetting the current domain, in  1.575 seconds
Domain Reload Profiling: 2260ms
	BeginReloadAssembly (232ms)
		ExecutionOrderSort (0ms)
		DisableScriptedObjects (10ms)
		BackupInstance (0ms)
		ReleaseScriptingObjects (0ms)
		CreateAndSetChildDomain (82ms)
	RebuildCommonClasses (66ms)
	RebuildNativeTypeToScriptingClass (22ms)
	initialDomainReloadingComplete (40ms)
	LoadAllAssembliesAndSetupDomain (325ms)
		LoadAssemblies (383ms)
		RebuildTransferFunctionScriptingTraits (0ms)
		AnalyzeDomain (37ms)
			TypeCache.Refresh (13ms)
				TypeCache.ScanAssembly (0ms)
			ScanForSourceGeneratedMonoScriptInfo (12ms)
			ResolveRequiredComponents (9ms)
	FinalizeReload (1576ms)
		ReleaseScriptCaches (0ms)
		RebuildScriptCaches (0ms)
		SetupLoadedEditorAssemblies (1077ms)
			LogAssemblyErrors (0ms)
			InitializePlatformSupportModulesInManaged (9ms)
			SetLoadedEditorAssemblies (7ms)
			RefreshPlugins (0ms)
			BeforeProcessingInitializeOnLoad (85ms)
			ProcessInitializeOnLoadAttributes (935ms)
			ProcessInitializeOnLoadMethodAttributes (39ms)
			AfterProcessingInitializeOnLoad (2ms)
			EditorAssembliesLoaded (0ms)
		ExecutionOrderSort2 (0ms)
		AwakeInstancesAfterBackupRestoration (7ms)
Shader 'Nature/Terrain/StylizedTerrain': dependency 'BaseMapShader' shader 'ASESampleShaders/SimpleTerrainBase' not found
Shader 'Nature/Terrain/StylizedTerrain': dependency 'AddPassShader' shader 'ASESampleShaders/Terrain/SimpleTerrainAddPass' not found
Shader 'Nature/Terrain/StylizedTerrain': dependency 'BaseMapShader' shader 'ASESampleShaders/SimpleTerrainBase' not found
Shader 'Nature/Terrain/StylizedTerrain': dependency 'AddPassShader' shader 'ASESampleShaders/Terrain/SimpleTerrainAddPass' not found
Shader 'Nature/Terrain/StylizedTerrain': dependency 'BaseMapShader' shader 'ASESampleShaders/SimpleTerrainBase' not found
Shader 'Nature/Terrain/StylizedTerrain': dependency 'AddPassShader' shader 'ASESampleShaders/Terrain/SimpleTerrainAddPass' not found
Shader 'Distant Lands/Stylized Terrain First Pass': dependency 'BaseMapShader' shader 'Distant Lands/Stylized Terrain' not found
Refreshing native plugins compatible for Editor in 1.67 ms, found 2 plugins.
Preloading 0 native plugins for Editor in 0.00 ms.
Unloading 3084 Unused Serialized files (Serialized files now loaded: 0)
Unloading 24 unused Assets / (2.3 MB). Loaded Objects now: 3605.
Memory consumption went from 171.8 MB to 169.5 MB.
Total: 5.973295 ms (FindLiveObjects: 0.313581 ms CreateObjectMapping: 0.273591 ms MarkObjects: 4.685167 ms  DeleteObjects: 0.699697 ms)

Prepare: number of updated asset objects reloaded= 0
AssetImportParameters requested are different than current active one (requested -> active):
  custom:container-demuxer-ogg: 62fdf1f143b41e24485cea50d1cbac27 -> 
  custom:video-decoder-ogg-theora: a1e56fd34408186e4bbccfd4996cb3dc -> 
  custom:CustomObjectIndexerAttribute: 6d391050e5a25f67b0a2c618074f2cd9 -> 
  custom:container-demuxer-webm: 4f35f7cbe854078d1ac9338744f61a02 -> 
  custom:container-muxer-webm: aa71ff27fc2769a1b78a27578f13a17b -> 
  custom:video-decoder-webm-vp8: 9c59270c3fd7afecdb556c50c9e8de78 -> 
  custom:SearchIndexIgnoredProperties: e643bd26f0fe6173181afceb89e7c659 -> 
  custom:AudioImporter_EditorPlatform: 3918e3fc78b5a79bad01e8451be0beb8 -> 
  custom:scripting/monoscript/fileName/GreatWhiteShark.cs: fa9b7dd6811f5e6a484e230fa3ebdb85 -> 
  custom:framework-osx-AVFoundation: e770b220cccbd017edd2c1fefb359320 -> 
  custom:video-encoder-webm-vp8: eb34c28f22e8b96e1ab97ce403110664 -> 
  custom:audio-decoder-ogg-vorbis: bf7c407c2cedff20999df2af8eb42d56 -> 
  custom:audio-encoder-webm-vorbis: bf7c407c2cedff20999df2af8eb42d56 -> 
Editor requested this worker to shutdown with reason: Scaling down because of idle timeout
TcpMessagingSession - receive error: operation aborted. errorcode: 89, details: Operation aborted.
AssetImportWorker is now disconnected from the server
Process exiting
