Unity Editor version:    2022.3.18f1 (d29bea25151d)
Branch:                  2022.3/release
Build type:              Release
Batch mode:              YES
macOS version:           Version 14.1.2 (Build 23B92)
Darwin version:          23.1.0
Architecture:            x86_64
Running under Rosetta:   NO
Available memory:        16384 MB
Using pre-set license
Pro License: YES

COMMAND LINE ARGUMENTS:
/Applications/Unity/Hub/Editor/2022.3.18f1/Unity.app/Contents/MacOS/Unity
-adb2
-batchMode
-noUpm
-name
AssetImportWorker6
-projectPath
/Users/hongliu/Rizzmo
-logFile
Logs/AssetImportWorker6.log
-srvPort
49372
Successfully changed project path to: /Users/hongliu/Rizzmo
/Users/hongliu/Rizzmo
[UnityMemory] Configuration Parameters - Can be set up in boot.config
    "memorysetup-bucket-allocator-granularity=16"
    "memorysetup-bucket-allocator-bucket-count=8"
    "memorysetup-bucket-allocator-block-size=33554432"
    "memorysetup-bucket-allocator-block-count=8"
    "memorysetup-main-allocator-block-size=16777216"
    "memorysetup-thread-allocator-block-size=16777216"
    "memorysetup-gfx-main-allocator-block-size=16777216"
    "memorysetup-gfx-thread-allocator-block-size=16777216"
    "memorysetup-cache-allocator-block-size=4194304"
    "memorysetup-typetree-allocator-block-size=2097152"
    "memorysetup-profiler-bucket-allocator-granularity=16"
    "memorysetup-profiler-bucket-allocator-bucket-count=8"
    "memorysetup-profiler-bucket-allocator-block-size=33554432"
    "memorysetup-profiler-bucket-allocator-block-count=8"
    "memorysetup-profiler-allocator-block-size=16777216"
    "memorysetup-profiler-editor-allocator-block-size=1048576"
    "memorysetup-temp-allocator-size-main=16777216"
    "memorysetup-job-temp-allocator-block-size=2097152"
    "memorysetup-job-temp-allocator-block-size-background=1048576"
    "memorysetup-job-temp-allocator-reduction-small-platforms=262144"
    "memorysetup-allocator-temp-initial-block-size-main=262144"
    "memorysetup-allocator-temp-initial-block-size-worker=262144"
    "memorysetup-temp-allocator-size-background-worker=32768"
    "memorysetup-temp-allocator-size-job-worker=262144"
    "memorysetup-temp-allocator-size-preload-manager=33554432"
    "memorysetup-temp-allocator-size-nav-mesh-worker=65536"
    "memorysetup-temp-allocator-size-audio-worker=65536"
    "memorysetup-temp-allocator-size-cloud-worker=32768"
    "memorysetup-temp-allocator-size-gi-baking-worker=262144"
    "memorysetup-temp-allocator-size-gfx=262144"
Player connection [140704334461760] Host "[IP] 192.168.255.27 [Port] 0 [Flags] 2 [Guid] 1911710505 [EditorId] 1911710505 [Version] 1048832 [Id] OSXEditor(0,Hongs-MacBook-Pro.local) [Debug] 1 [PackageName] OSXEditor [ProjectName] Editor" joined multi-casting on [225.0.0.222:54997]...

Player connection [140704334461760] Host "[IP] 192.168.255.27 [Port] 0 [Flags] 2 [Guid] 1911710505 [EditorId] 1911710505 [Version] 1048832 [Id] OSXEditor(0,Hongs-MacBook-Pro.local) [Debug] 1 [PackageName] OSXEditor [ProjectName] Editor" joined alternative multi-casting on [225.0.0.222:34997]...

[Physics::Module] Initialized MultithreadedJobDispatcher with 11 workers.
Refreshing native plugins compatible for Editor in 4.75 ms, found 2 plugins.
Preloading 0 native plugins for Editor in 0.00 ms.
Initialize engine version: 2022.3.18f1 (d29bea25151d)
[Subsystems] Discovering subsystems at path /Applications/Unity/Hub/Editor/2022.3.18f1/Unity.app/Contents/Resources/UnitySubsystems
[Subsystems] Discovering subsystems at path /Users/hongliu/Rizzmo/Assets
GfxDevice: creating device client; threaded=0; jobified=0
Color LCD preferred device: AMD Radeon Pro 5300M (high power)
Metal devices available: 2
0: AMD Radeon Pro 5300M (high power)
1: Intel(R) UHD Graphics 630 (low power)
Using device AMD Radeon Pro 5300M (high power)
Initializing Metal device caps: AMD Radeon Pro 5300M
Shader 'Distant Lands/Stylized Terrain First Pass': dependency 'BaseMapShader' shader 'Distant Lands/Stylized Terrain' not found
Shader 'Distant Lands/Stylized Terrain First Pass': dependency 'BaseMapShader' shader 'Distant Lands/Stylized Terrain' not found
Initialize mono
Mono path[0] = '/Applications/Unity/Hub/Editor/2022.3.18f1/Unity.app/Contents/Managed'
Mono path[1] = '/Applications/Unity/Hub/Editor/2022.3.18f1/Unity.app/Contents/MonoBleedingEdge/lib/mono/unityjit-macos'
Mono config path = '/Applications/Unity/Hub/Editor/2022.3.18f1/Unity.app/Contents/MonoBleedingEdge/etc'
Using monoOptions --debugger-agent=transport=dt_socket,embedding=1,server=y,suspend=n,address=127.0.0.1:56483
Begin MonoManager ReloadAssembly
Registering precompiled unity dll's ...
Register platform support module: /Applications/Unity/Hub/Editor/2022.3.18f1/PlaybackEngines/WebGLSupport/UnityEditor.WebGL.Extensions.dll
Register platform support module: /Applications/Unity/Hub/Editor/2022.3.18f1/Unity.app/Contents/PlaybackEngines/MacStandaloneSupport/UnityEditor.OSXStandalone.Extensions.dll
Registered in 0.001778 seconds.
- Loaded All Assemblies, in  0.385 seconds
Native extension for OSXStandalone target not found
Native extension for WebGL target not found
Mono: successfully reloaded assembly
- Finished resetting the current domain, in  0.300 seconds
Domain Reload Profiling: 685ms
	BeginReloadAssembly (101ms)
		ExecutionOrderSort (0ms)
		DisableScriptedObjects (0ms)
		BackupInstance (0ms)
		ReleaseScriptingObjects (0ms)
		CreateAndSetChildDomain (1ms)
	RebuildCommonClasses (44ms)
	RebuildNativeTypeToScriptingClass (14ms)
	initialDomainReloadingComplete (57ms)
	LoadAllAssembliesAndSetupDomain (169ms)
		LoadAssemblies (101ms)
		RebuildTransferFunctionScriptingTraits (0ms)
		AnalyzeDomain (167ms)
			TypeCache.Refresh (165ms)
				TypeCache.ScanAssembly (148ms)
			ScanForSourceGeneratedMonoScriptInfo (0ms)
			ResolveRequiredComponents (0ms)
	FinalizeReload (300ms)
		ReleaseScriptCaches (0ms)
		RebuildScriptCaches (0ms)
		SetupLoadedEditorAssemblies (233ms)
			LogAssemblyErrors (0ms)
			InitializePlatformSupportModulesInManaged (8ms)
			SetLoadedEditorAssemblies (6ms)
			RefreshPlugins (0ms)
			BeforeProcessingInitializeOnLoad (2ms)
			ProcessInitializeOnLoadAttributes (166ms)
			ProcessInitializeOnLoadMethodAttributes (50ms)
			AfterProcessingInitializeOnLoad (0ms)
			EditorAssembliesLoaded (0ms)
		ExecutionOrderSort2 (0ms)
		AwakeInstancesAfterBackupRestoration (0ms)
========================================================================
Worker process is ready to serve import requests
Begin MonoManager ReloadAssembly
- Loaded All Assemblies, in  0.655 seconds
Refreshing native plugins compatible for Editor in 1.03 ms, found 2 plugins.
Native extension for OSXStandalone target not found
Native extension for WebGL target not found
Package Manager log level set to [2]
[Package Manager] Server::EnsureServerProcessIsRunning -- launch failed, reason: Unity was launched with the -noUpm command-line argument
[Package Manager] UpmClient::Send -- Unable to send message (not connected to UPM process).
[Package Manager] Cannot connect to Unity Package Manager local server
Mono: successfully reloaded assembly
- Finished resetting the current domain, in  0.833 seconds
Domain Reload Profiling: 1489ms
	BeginReloadAssembly (147ms)
		ExecutionOrderSort (0ms)
		DisableScriptedObjects (7ms)
		BackupInstance (0ms)
		ReleaseScriptingObjects (0ms)
		CreateAndSetChildDomain (30ms)
	RebuildCommonClasses (43ms)
	RebuildNativeTypeToScriptingClass (14ms)
	initialDomainReloadingComplete (43ms)
	LoadAllAssembliesAndSetupDomain (408ms)
		LoadAssemblies (273ms)
		RebuildTransferFunctionScriptingTraits (0ms)
		AnalyzeDomain (209ms)
			TypeCache.Refresh (185ms)
				TypeCache.ScanAssembly (169ms)
			ScanForSourceGeneratedMonoScriptInfo (16ms)
			ResolveRequiredComponents (5ms)
	FinalizeReload (834ms)
		ReleaseScriptCaches (0ms)
		RebuildScriptCaches (0ms)
		SetupLoadedEditorAssemblies (648ms)
			LogAssemblyErrors (0ms)
			InitializePlatformSupportModulesInManaged (6ms)
			SetLoadedEditorAssemblies (4ms)
			RefreshPlugins (0ms)
			BeforeProcessingInitializeOnLoad (52ms)
			ProcessInitializeOnLoadAttributes (561ms)
			ProcessInitializeOnLoadMethodAttributes (24ms)
			AfterProcessingInitializeOnLoad (1ms)
			EditorAssembliesLoaded (0ms)
		ExecutionOrderSort2 (0ms)
		AwakeInstancesAfterBackupRestoration (5ms)
Shader 'Nature/Terrain/StylizedTerrain': dependency 'BaseMapShader' shader 'ASESampleShaders/SimpleTerrainBase' not found
Shader 'Nature/Terrain/StylizedTerrain': dependency 'AddPassShader' shader 'ASESampleShaders/Terrain/SimpleTerrainAddPass' not found
Shader 'Nature/Terrain/StylizedTerrain': dependency 'BaseMapShader' shader 'ASESampleShaders/SimpleTerrainBase' not found
Shader 'Nature/Terrain/StylizedTerrain': dependency 'AddPassShader' shader 'ASESampleShaders/Terrain/SimpleTerrainAddPass' not found
Shader 'Nature/Terrain/StylizedTerrain': dependency 'BaseMapShader' shader 'ASESampleShaders/SimpleTerrainBase' not found
Shader 'Nature/Terrain/StylizedTerrain': dependency 'AddPassShader' shader 'ASESampleShaders/Terrain/SimpleTerrainAddPass' not found
Shader 'Distant Lands/Stylized Terrain First Pass': dependency 'BaseMapShader' shader 'Distant Lands/Stylized Terrain' not found
Launching external process: /Applications/Unity/Hub/Editor/2022.3.18f1/Unity.app/Contents/Tools/UnityShaderCompiler
Launched and connected shader compiler UnityShaderCompiler after 0.08 seconds
Refreshing native plugins compatible for Editor in 1.01 ms, found 2 plugins.
Preloading 0 native plugins for Editor in 0.00 ms.
Unloading 3116 Unused Serialized files (Serialized files now loaded: 0)
Unloading 33 unused Assets / (2.4 MB). Loaded Objects now: 3588.
Memory consumption went from 153.0 MB to 150.6 MB.
Total: 4.498324 ms (FindLiveObjects: 0.230533 ms CreateObjectMapping: 0.193822 ms MarkObjects: 3.537880 ms  DeleteObjects: 0.535424 ms)

AssetImportParameters requested are different than current active one (requested -> active):
  custom:container-demuxer-ogg: 62fdf1f143b41e24485cea50d1cbac27 -> 
  custom:video-decoder-ogg-theora: a1e56fd34408186e4bbccfd4996cb3dc -> 
  custom:CustomObjectIndexerAttribute: 6d391050e5a25f67b0a2c618074f2cd9 -> 
  custom:container-demuxer-webm: 4f35f7cbe854078d1ac9338744f61a02 -> 
  custom:container-muxer-webm: aa71ff27fc2769a1b78a27578f13a17b -> 
  custom:video-decoder-webm-vp8: 9c59270c3fd7afecdb556c50c9e8de78 -> 
  custom:SearchIndexIgnoredProperties: e643bd26f0fe6173181afceb89e7c659 -> 
  custom:AudioImporter_EditorPlatform: 3918e3fc78b5a79bad01e8451be0beb8 -> 
  custom:scripting/monoscript/fileName/GreatWhiteShark.cs: fa9b7dd6811f5e6a484e230fa3ebdb85 -> 
  custom:framework-osx-AVFoundation: e770b220cccbd017edd2c1fefb359320 -> 
  custom:video-encoder-webm-vp8: eb34c28f22e8b96e1ab97ce403110664 -> 
  custom:audio-decoder-ogg-vorbis: bf7c407c2cedff20999df2af8eb42d56 -> 
  custom:audio-encoder-webm-vorbis: bf7c407c2cedff20999df2af8eb42d56 -> 
========================================================================
Received Prepare
Begin MonoManager ReloadAssembly
- Loaded All Assemblies, in  0.535 seconds
Refreshing native plugins compatible for Editor in 1.35 ms, found 2 plugins.
Native extension for OSXStandalone target not found
Native extension for WebGL target not found
[Package Manager] Server::EnsureServerProcessIsRunning -- launch failed, reason: Unity was launched with the -noUpm command-line argument
[Package Manager] UpmClient::Send -- Unable to send message (not connected to UPM process).
[Package Manager] Cannot connect to Unity Package Manager local server
Mono: successfully reloaded assembly
- Finished resetting the current domain, in  1.440 seconds
Domain Reload Profiling: 1976ms
	BeginReloadAssembly (170ms)
		ExecutionOrderSort (0ms)
		DisableScriptedObjects (6ms)
		BackupInstance (0ms)
		ReleaseScriptingObjects (0ms)
		CreateAndSetChildDomain (52ms)
	RebuildCommonClasses (52ms)
	RebuildNativeTypeToScriptingClass (16ms)
	initialDomainReloadingComplete (29ms)
	LoadAllAssembliesAndSetupDomain (267ms)
		LoadAssemblies (327ms)
		RebuildTransferFunctionScriptingTraits (0ms)
		AnalyzeDomain (20ms)
			TypeCache.Refresh (9ms)
				TypeCache.ScanAssembly (0ms)
			ScanForSourceGeneratedMonoScriptInfo (0ms)
			ResolveRequiredComponents (7ms)
	FinalizeReload (1441ms)
		ReleaseScriptCaches (0ms)
		RebuildScriptCaches (0ms)
		SetupLoadedEditorAssemblies (648ms)
			LogAssemblyErrors (0ms)
			InitializePlatformSupportModulesInManaged (6ms)
			SetLoadedEditorAssemblies (4ms)
			RefreshPlugins (0ms)
			BeforeProcessingInitializeOnLoad (56ms)
			ProcessInitializeOnLoadAttributes (557ms)
			ProcessInitializeOnLoadMethodAttributes (23ms)
			AfterProcessingInitializeOnLoad (1ms)
			EditorAssembliesLoaded (0ms)
		ExecutionOrderSort2 (0ms)
		AwakeInstancesAfterBackupRestoration (4ms)
Shader 'Nature/Terrain/StylizedTerrain': dependency 'BaseMapShader' shader 'ASESampleShaders/SimpleTerrainBase' not found
Shader 'Nature/Terrain/StylizedTerrain': dependency 'AddPassShader' shader 'ASESampleShaders/Terrain/SimpleTerrainAddPass' not found
Shader 'Nature/Terrain/StylizedTerrain': dependency 'BaseMapShader' shader 'ASESampleShaders/SimpleTerrainBase' not found
Shader 'Nature/Terrain/StylizedTerrain': dependency 'AddPassShader' shader 'ASESampleShaders/Terrain/SimpleTerrainAddPass' not found
Shader 'Distant Lands/Stylized Terrain First Pass': dependency 'BaseMapShader' shader 'Distant Lands/Stylized Terrain' not found
Shader 'Nature/Terrain/StylizedTerrain': dependency 'BaseMapShader' shader 'ASESampleShaders/SimpleTerrainBase' not found
Shader 'Nature/Terrain/StylizedTerrain': dependency 'AddPassShader' shader 'ASESampleShaders/Terrain/SimpleTerrainAddPass' not found
Refreshing native plugins compatible for Editor in 1.14 ms, found 2 plugins.
Preloading 0 native plugins for Editor in 0.00 ms.
Unloading 3085 Unused Serialized files (Serialized files now loaded: 0)
Unloading 24 unused Assets / (2.3 MB). Loaded Objects now: 3591.
Memory consumption went from 153.7 MB to 151.4 MB.
Total: 4.457319 ms (FindLiveObjects: 0.245286 ms CreateObjectMapping: 0.276492 ms MarkObjects: 3.456113 ms  DeleteObjects: 0.478457 ms)

Prepare: number of updated asset objects reloaded= 0
AssetImportParameters requested are different than current active one (requested -> active):
  custom:container-demuxer-ogg: 62fdf1f143b41e24485cea50d1cbac27 -> 
  custom:video-decoder-ogg-theora: a1e56fd34408186e4bbccfd4996cb3dc -> 
  custom:CustomObjectIndexerAttribute: 6d391050e5a25f67b0a2c618074f2cd9 -> 
  custom:container-demuxer-webm: 4f35f7cbe854078d1ac9338744f61a02 -> 
  custom:container-muxer-webm: aa71ff27fc2769a1b78a27578f13a17b -> 
  custom:video-decoder-webm-vp8: 9c59270c3fd7afecdb556c50c9e8de78 -> 
  custom:SearchIndexIgnoredProperties: e643bd26f0fe6173181afceb89e7c659 -> 
  custom:AudioImporter_EditorPlatform: 3918e3fc78b5a79bad01e8451be0beb8 -> 
  custom:scripting/monoscript/fileName/GreatWhiteShark.cs: fa9b7dd6811f5e6a484e230fa3ebdb85 -> 
  custom:framework-osx-AVFoundation: e770b220cccbd017edd2c1fefb359320 -> 
  custom:video-encoder-webm-vp8: eb34c28f22e8b96e1ab97ce403110664 -> 
  custom:audio-decoder-ogg-vorbis: bf7c407c2cedff20999df2af8eb42d56 -> 
  custom:audio-encoder-webm-vorbis: bf7c407c2cedff20999df2af8eb42d56 -> 
========================================================================
Received Import Request.
  Time since last request: 7071.976887 seconds.
  path: Assets/Distant Lands/Thalassophobia - Low Poly Oceans/Contents/Prefabs/Environment/Kelp/Deep Kelp 2.prefab
  artifactKey: Guid(f7646a401cf04674c8b46f104d7ba8f7) Importer(815301076,1909f56bfc062723c751e8b465ee728b)
Start importing Assets/Distant Lands/Thalassophobia - Low Poly Oceans/Contents/Prefabs/Environment/Kelp/Deep Kelp 2.prefab using Guid(f7646a401cf04674c8b46f104d7ba8f7) Importer(815301076,1909f56bfc062723c751e8b465ee728b)  -> (artifact id: '211ab5de37c9017f817583e8dc1500ed') in 0.308977 seconds
Number of updated asset objects reloaded before import = 0
Number of asset objects unloaded after import = 8
========================================================================
Received Import Request.
  Time since last request: 0.000084 seconds.
  path: Assets/Distant Lands/Thalassophobia - Low Poly Oceans/Contents/Prefabs/Environment/Kelp/Short Seagrass.prefab
  artifactKey: Guid(9daa2d424644a7d44850309c6c5e0df1) Importer(815301076,1909f56bfc062723c751e8b465ee728b)
Start importing Assets/Distant Lands/Thalassophobia - Low Poly Oceans/Contents/Prefabs/Environment/Kelp/Short Seagrass.prefab using Guid(9daa2d424644a7d44850309c6c5e0df1) Importer(815301076,1909f56bfc062723c751e8b465ee728b)  -> (artifact id: 'fb52f8892581b05cfe05fa1e5e00a17a') in 0.009221 seconds
Number of updated asset objects reloaded before import = 0
Number of asset objects unloaded after import = 8
========================================================================
Received Import Request.
  Time since last request: 1.437176 seconds.
  path: Assets/Distant Lands/Thalassophobia - Low Poly Oceans/Contents/Prefabs/Environment/Debris/Pebble 2.prefab
  artifactKey: Guid(64b54edf77ca9f44da458567236bdcfc) Importer(815301076,1909f56bfc062723c751e8b465ee728b)
Start importing Assets/Distant Lands/Thalassophobia - Low Poly Oceans/Contents/Prefabs/Environment/Debris/Pebble 2.prefab using Guid(64b54edf77ca9f44da458567236bdcfc) Importer(815301076,1909f56bfc062723c751e8b465ee728b)  -> (artifact id: 'dd789c03650a6365f75d03396b8e4fef') in 0.018604 seconds
Number of updated asset objects reloaded before import = 0
Number of asset objects unloaded after import = 9
========================================================================
Received Import Request.
  Time since last request: 0.000061 seconds.
  path: Assets/Distant Lands/Thalassophobia - Low Poly Oceans/Contents/Prefabs/Environment/Debris/Pebble 3.prefab
  artifactKey: Guid(43422503a72d41141b1aadb06d2b6d03) Importer(815301076,1909f56bfc062723c751e8b465ee728b)
Start importing Assets/Distant Lands/Thalassophobia - Low Poly Oceans/Contents/Prefabs/Environment/Debris/Pebble 3.prefab using Guid(43422503a72d41141b1aadb06d2b6d03) Importer(815301076,1909f56bfc062723c751e8b465ee728b)  -> (artifact id: 'b2890ae2f164c60ae7b470b55fbf012b') in 0.005992 seconds
Number of updated asset objects reloaded before import = 0
Number of asset objects unloaded after import = 9
========================================================================
Received Import Request.
  Time since last request: 0.000047 seconds.
  path: Assets/Distant Lands/Thalassophobia - Low Poly Oceans/Contents/Prefabs/Environment/Debris/Plank 1.prefab
  artifactKey: Guid(c30009796375e74458aa71332f3bdbb8) Importer(815301076,1909f56bfc062723c751e8b465ee728b)
Start importing Assets/Distant Lands/Thalassophobia - Low Poly Oceans/Contents/Prefabs/Environment/Debris/Plank 1.prefab using Guid(c30009796375e74458aa71332f3bdbb8) Importer(815301076,1909f56bfc062723c751e8b465ee728b)  -> (artifact id: '31f15613a1c5e8738e6a35d989f535bc') in 0.007005 seconds
Number of updated asset objects reloaded before import = 0
Number of asset objects unloaded after import = 9
========================================================================
Received Import Request.
  Time since last request: 0.000065 seconds.
  path: Assets/Distant Lands/Thalassophobia - Low Poly Oceans/Contents/Prefabs/Environment/Debris/Plank 2.prefab
  artifactKey: Guid(0466a408019bde749a7c8ff7ff19877b) Importer(815301076,1909f56bfc062723c751e8b465ee728b)
Start importing Assets/Distant Lands/Thalassophobia - Low Poly Oceans/Contents/Prefabs/Environment/Debris/Plank 2.prefab using Guid(0466a408019bde749a7c8ff7ff19877b) Importer(815301076,1909f56bfc062723c751e8b465ee728b)  -> (artifact id: '2fc09c13b75ef301a35315713a3f4a68') in 0.006030 seconds
Number of updated asset objects reloaded before import = 0
Number of asset objects unloaded after import = 9
========================================================================
Received Import Request.
  Time since last request: 0.000050 seconds.
  path: Assets/Distant Lands/Thalassophobia - Low Poly Oceans/Contents/Prefabs/Environment/Debris/Plate 6.prefab
  artifactKey: Guid(f59425683aa0c8f45a771618710335a8) Importer(815301076,1909f56bfc062723c751e8b465ee728b)
Start importing Assets/Distant Lands/Thalassophobia - Low Poly Oceans/Contents/Prefabs/Environment/Debris/Plate 6.prefab using Guid(f59425683aa0c8f45a771618710335a8) Importer(815301076,1909f56bfc062723c751e8b465ee728b)  -> (artifact id: 'a1159c8cda8776e9c31cb47d20513ef5') in 0.007270 seconds
Number of updated asset objects reloaded before import = 0
Number of asset objects unloaded after import = 9
========================================================================
Received Import Request.
  Time since last request: 0.000075 seconds.
  path: Assets/Distant Lands/Thalassophobia - Low Poly Oceans/Contents/Prefabs/Environment/Debris/Plate 8.prefab
  artifactKey: Guid(fd785c9dae0b2424594e7174a17da945) Importer(815301076,1909f56bfc062723c751e8b465ee728b)
Start importing Assets/Distant Lands/Thalassophobia - Low Poly Oceans/Contents/Prefabs/Environment/Debris/Plate 8.prefab using Guid(fd785c9dae0b2424594e7174a17da945) Importer(815301076,1909f56bfc062723c751e8b465ee728b)  -> (artifact id: '2fac447b3716fe6ffaa1ea7558df8b18') in 0.021675 seconds
Number of updated asset objects reloaded before import = 0
Number of asset objects unloaded after import = 9
========================================================================
Received Import Request.
  Time since last request: 0.000068 seconds.
  path: Assets/Distant Lands/Thalassophobia - Low Poly Oceans/Contents/Prefabs/Environment/Debris/Plate 3.prefab
  artifactKey: Guid(7748c7927044f324397e9a5558394fb7) Importer(815301076,1909f56bfc062723c751e8b465ee728b)
Start importing Assets/Distant Lands/Thalassophobia - Low Poly Oceans/Contents/Prefabs/Environment/Debris/Plate 3.prefab using Guid(7748c7927044f324397e9a5558394fb7) Importer(815301076,1909f56bfc062723c751e8b465ee728b)  -> (artifact id: '7d0c89517f8b3be294a7020dc93363a4') in 0.016586 seconds
Number of updated asset objects reloaded before import = 0
Number of asset objects unloaded after import = 9
========================================================================
Received Import Request.
  Time since last request: 0.000049 seconds.
  path: Assets/Distant Lands/Thalassophobia - Low Poly Oceans/Contents/Prefabs/Environment/Debris/Pebble 5.prefab
  artifactKey: Guid(5b21cc17244fb2f4abbdf11e7a78d856) Importer(815301076,1909f56bfc062723c751e8b465ee728b)
Start importing Assets/Distant Lands/Thalassophobia - Low Poly Oceans/Contents/Prefabs/Environment/Debris/Pebble 5.prefab using Guid(5b21cc17244fb2f4abbdf11e7a78d856) Importer(815301076,1909f56bfc062723c751e8b465ee728b)  -> (artifact id: '38a5e8b0df00b3e636a571ac26b06f1f') in 0.006930 seconds
Number of updated asset objects reloaded before import = 0
Number of asset objects unloaded after import = 9
========================================================================
Received Import Request.
  Time since last request: 0.000082 seconds.
  path: Assets/Distant Lands/Thalassophobia - Low Poly Oceans/Contents/Prefabs/Environment/Debris/Plank 3.prefab
  artifactKey: Guid(9421c61d9df52ec498363f954decac33) Importer(815301076,1909f56bfc062723c751e8b465ee728b)
Start importing Assets/Distant Lands/Thalassophobia - Low Poly Oceans/Contents/Prefabs/Environment/Debris/Plank 3.prefab using Guid(9421c61d9df52ec498363f954decac33) Importer(815301076,1909f56bfc062723c751e8b465ee728b)  -> (artifact id: '224a1e493c8b4af8310514db1878dbcd') in 0.007660 seconds
Number of updated asset objects reloaded before import = 0
Number of asset objects unloaded after import = 9
========================================================================
Received Import Request.
  Time since last request: 0.000075 seconds.
  path: Assets/Distant Lands/Thalassophobia - Low Poly Oceans/Contents/Prefabs/Environment/Debris/Pebble 4.prefab
  artifactKey: Guid(cd25d1a92554d1d4db5d9d3868295db1) Importer(815301076,1909f56bfc062723c751e8b465ee728b)
Start importing Assets/Distant Lands/Thalassophobia - Low Poly Oceans/Contents/Prefabs/Environment/Debris/Pebble 4.prefab using Guid(cd25d1a92554d1d4db5d9d3868295db1) Importer(815301076,1909f56bfc062723c751e8b465ee728b)  -> (artifact id: '37d739b05d2b30333bfc6c60941f9184') in 0.007095 seconds
Number of updated asset objects reloaded before import = 0
Number of asset objects unloaded after import = 9
========================================================================
Received Import Request.
  Time since last request: 0.000075 seconds.
  path: Assets/Distant Lands/Thalassophobia - Low Poly Oceans/Contents/Prefabs/Environment/Debris/Plate 4.prefab
  artifactKey: Guid(8ceb2af5542ae144899e8e689b1c2458) Importer(815301076,1909f56bfc062723c751e8b465ee728b)
Start importing Assets/Distant Lands/Thalassophobia - Low Poly Oceans/Contents/Prefabs/Environment/Debris/Plate 4.prefab using Guid(8ceb2af5542ae144899e8e689b1c2458) Importer(815301076,1909f56bfc062723c751e8b465ee728b)  -> (artifact id: 'b78d000c51d0a912628574f2f67110c3') in 0.007933 seconds
Number of updated asset objects reloaded before import = 0
Number of asset objects unloaded after import = 9
========================================================================
Received Import Request.
  Time since last request: 0.000077 seconds.
  path: Assets/Distant Lands/Thalassophobia - Low Poly Oceans/Contents/Prefabs/Environment/Debris/Pebble 7.prefab
  artifactKey: Guid(38672611a3b2e264d98ddbedf9647919) Importer(815301076,1909f56bfc062723c751e8b465ee728b)
Start importing Assets/Distant Lands/Thalassophobia - Low Poly Oceans/Contents/Prefabs/Environment/Debris/Pebble 7.prefab using Guid(38672611a3b2e264d98ddbedf9647919) Importer(815301076,1909f56bfc062723c751e8b465ee728b)  -> (artifact id: '2b7fb96ada68f6564b33fd3fae744296') in 0.007166 seconds
Number of updated asset objects reloaded before import = 0
Number of asset objects unloaded after import = 9
========================================================================
Received Import Request.
  Time since last request: 0.469237 seconds.
  path: Assets/Distant Lands/Thalassophobia - Low Poly Oceans/Contents/Prefabs/Environment/Ice/Iceberg 02.prefab
  artifactKey: Guid(674f8e0674d7a3e4bb042d9294e8dcdc) Importer(815301076,1909f56bfc062723c751e8b465ee728b)
Start importing Assets/Distant Lands/Thalassophobia - Low Poly Oceans/Contents/Prefabs/Environment/Ice/Iceberg 02.prefab using Guid(674f8e0674d7a3e4bb042d9294e8dcdc) Importer(815301076,1909f56bfc062723c751e8b465ee728b)  -> (artifact id: '0a47d407472e31d0978251cd80f0841b') in 0.008879 seconds
Number of updated asset objects reloaded before import = 0
Number of asset objects unloaded after import = 9
========================================================================
Received Import Request.
  Time since last request: 0.000253 seconds.
  path: Assets/Distant Lands/Thalassophobia - Low Poly Oceans/Contents/Prefabs/Environment/Ice/Iceberg 06.prefab
  artifactKey: Guid(54f5a92bd7fc3774eb27416d76d350d9) Importer(815301076,1909f56bfc062723c751e8b465ee728b)
Start importing Assets/Distant Lands/Thalassophobia - Low Poly Oceans/Contents/Prefabs/Environment/Ice/Iceberg 06.prefab using Guid(54f5a92bd7fc3774eb27416d76d350d9) Importer(815301076,1909f56bfc062723c751e8b465ee728b)  -> (artifact id: '8a65bb20e6b6e421207306ee7bbf388c') in 0.008931 seconds
Number of updated asset objects reloaded before import = 0
Number of asset objects unloaded after import = 9
========================================================================
Received Import Request.
  Time since last request: 0.000058 seconds.
  path: Assets/Distant Lands/Thalassophobia - Low Poly Oceans/Contents/Prefabs/Environment/Ice/Iceberg 09.prefab
  artifactKey: Guid(e23f484c205fd9d44a3f13dde26498c7) Importer(815301076,1909f56bfc062723c751e8b465ee728b)
Start importing Assets/Distant Lands/Thalassophobia - Low Poly Oceans/Contents/Prefabs/Environment/Ice/Iceberg 09.prefab using Guid(e23f484c205fd9d44a3f13dde26498c7) Importer(815301076,1909f56bfc062723c751e8b465ee728b)  -> (artifact id: '52d323d207bc4a55a0111bc9a609e19f') in 0.007611 seconds
Number of updated asset objects reloaded before import = 0
Number of asset objects unloaded after import = 9
========================================================================
Received Import Request.
  Time since last request: 0.000068 seconds.
  path: Assets/Distant Lands/Thalassophobia - Low Poly Oceans/Contents/Prefabs/Environment/Ice/Iceberg 11.prefab
  artifactKey: Guid(9ba6eeacd54f4284b9f81d22712e3cf8) Importer(815301076,1909f56bfc062723c751e8b465ee728b)
Start importing Assets/Distant Lands/Thalassophobia - Low Poly Oceans/Contents/Prefabs/Environment/Ice/Iceberg 11.prefab using Guid(9ba6eeacd54f4284b9f81d22712e3cf8) Importer(815301076,1909f56bfc062723c751e8b465ee728b)  -> (artifact id: '0e99bfafe55806d30da404d0ce1f612e') in 0.007324 seconds
Number of updated asset objects reloaded before import = 0
Number of asset objects unloaded after import = 9
========================================================================
Received Import Request.
  Time since last request: 0.000058 seconds.
  path: Assets/Distant Lands/Thalassophobia - Low Poly Oceans/Contents/Prefabs/Environment/Ice/Large Iceberg 3.prefab
  artifactKey: Guid(5fbcf5ea9eb161a42bce753803724890) Importer(815301076,1909f56bfc062723c751e8b465ee728b)
Start importing Assets/Distant Lands/Thalassophobia - Low Poly Oceans/Contents/Prefabs/Environment/Ice/Large Iceberg 3.prefab using Guid(5fbcf5ea9eb161a42bce753803724890) Importer(815301076,1909f56bfc062723c751e8b465ee728b)  -> (artifact id: 'd790108a2decbded7e0d37f239a37df4') in 0.031982 seconds
Number of updated asset objects reloaded before import = 0
Number of asset objects unloaded after import = 9
========================================================================
Received Import Request.
  Time since last request: 0.000123 seconds.
  path: Assets/Distant Lands/Thalassophobia - Low Poly Oceans/Contents/Prefabs/Environment/Ice/Iceberg 15.prefab
  artifactKey: Guid(8fc71aa966cc68c4d9bff8a9aaa3c4ea) Importer(815301076,1909f56bfc062723c751e8b465ee728b)
Start importing Assets/Distant Lands/Thalassophobia - Low Poly Oceans/Contents/Prefabs/Environment/Ice/Iceberg 15.prefab using Guid(8fc71aa966cc68c4d9bff8a9aaa3c4ea) Importer(815301076,1909f56bfc062723c751e8b465ee728b)  -> (artifact id: '1ef6ad40acf962d2bfdb3b181fd5bc81') in 0.016140 seconds
Number of updated asset objects reloaded before import = 0
Number of asset objects unloaded after import = 9
========================================================================
Received Import Request.
  Time since last request: 0.000074 seconds.
  path: Assets/Distant Lands/Thalassophobia - Low Poly Oceans/Contents/Prefabs/Environment/Ice/Iceberg 20.prefab
  artifactKey: Guid(f7e4221788944c64ca2b14d9a7d3d379) Importer(815301076,1909f56bfc062723c751e8b465ee728b)
Start importing Assets/Distant Lands/Thalassophobia - Low Poly Oceans/Contents/Prefabs/Environment/Ice/Iceberg 20.prefab using Guid(f7e4221788944c64ca2b14d9a7d3d379) Importer(815301076,1909f56bfc062723c751e8b465ee728b)  -> (artifact id: 'd2359b240b73d64898fe7becf72239b3') in 0.007212 seconds
Number of updated asset objects reloaded before import = 0
Number of asset objects unloaded after import = 9
========================================================================
Received Import Request.
  Time since last request: 0.000121 seconds.
  path: Assets/Distant Lands/Thalassophobia - Low Poly Oceans/Contents/Prefabs/Environment/Ice/Large Iceberg 4.prefab
  artifactKey: Guid(32117ce5d5931444898b8f0d87e86bff) Importer(815301076,1909f56bfc062723c751e8b465ee728b)
Start importing Assets/Distant Lands/Thalassophobia - Low Poly Oceans/Contents/Prefabs/Environment/Ice/Large Iceberg 4.prefab using Guid(32117ce5d5931444898b8f0d87e86bff) Importer(815301076,1909f56bfc062723c751e8b465ee728b)  -> (artifact id: '6b33d8a43e28f49f90fbb2684ef591ad') in 0.009286 seconds
Number of updated asset objects reloaded before import = 0
Number of asset objects unloaded after import = 9
========================================================================
Received Import Request.
  Time since last request: 0.000057 seconds.
  path: Assets/Distant Lands/Thalassophobia - Low Poly Oceans/Contents/Prefabs/Environment/Ice/Iceberg 14.prefab
  artifactKey: Guid(47f4505f0ce20d1479b8df0162c233cf) Importer(815301076,1909f56bfc062723c751e8b465ee728b)
Start importing Assets/Distant Lands/Thalassophobia - Low Poly Oceans/Contents/Prefabs/Environment/Ice/Iceberg 14.prefab using Guid(47f4505f0ce20d1479b8df0162c233cf) Importer(815301076,1909f56bfc062723c751e8b465ee728b)  -> (artifact id: 'c207ba404a9d8992183193a1a402900c') in 0.007027 seconds
Number of updated asset objects reloaded before import = 0
Number of asset objects unloaded after import = 9
========================================================================
Received Import Request.
  Time since last request: 0.000118 seconds.
  path: Assets/Distant Lands/Thalassophobia - Low Poly Oceans/Contents/Prefabs/Environment/Ice/Iceberg 08.prefab
  artifactKey: Guid(3ad9c722748df904abe62b3b096bf7e9) Importer(815301076,1909f56bfc062723c751e8b465ee728b)
Start importing Assets/Distant Lands/Thalassophobia - Low Poly Oceans/Contents/Prefabs/Environment/Ice/Iceberg 08.prefab using Guid(3ad9c722748df904abe62b3b096bf7e9) Importer(815301076,1909f56bfc062723c751e8b465ee728b)  -> (artifact id: '8c3a795c3093ebfcfc17986e3b7e3210') in 0.010341 seconds
Number of updated asset objects reloaded before import = 0
Number of asset objects unloaded after import = 9
========================================================================
Received Import Request.
  Time since last request: 0.000067 seconds.
  path: Assets/Distant Lands/Thalassophobia - Low Poly Oceans/Contents/Prefabs/Environment/Ice/Iceberg 19.prefab
  artifactKey: Guid(b721f95027a131a4b9d6d99877cad403) Importer(815301076,1909f56bfc062723c751e8b465ee728b)
Start importing Assets/Distant Lands/Thalassophobia - Low Poly Oceans/Contents/Prefabs/Environment/Ice/Iceberg 19.prefab using Guid(b721f95027a131a4b9d6d99877cad403) Importer(815301076,1909f56bfc062723c751e8b465ee728b)  -> (artifact id: 'f8c2840417de5dd9ad53ab8092de21b4') in 0.016910 seconds
Number of updated asset objects reloaded before import = 0
Number of asset objects unloaded after import = 9
========================================================================
Received Import Request.
  Time since last request: 0.000093 seconds.
  path: Assets/Distant Lands/Thalassophobia - Low Poly Oceans/Contents/Prefabs/Environment/Ice/Iceberg 03.prefab
  artifactKey: Guid(d20f44371932dd1438d6763bc3d27c4f) Importer(815301076,1909f56bfc062723c751e8b465ee728b)
Start importing Assets/Distant Lands/Thalassophobia - Low Poly Oceans/Contents/Prefabs/Environment/Ice/Iceberg 03.prefab using Guid(d20f44371932dd1438d6763bc3d27c4f) Importer(815301076,1909f56bfc062723c751e8b465ee728b)  -> (artifact id: '0b65aeaa176377f56aa55420fd1969f8') in 0.009934 seconds
Number of updated asset objects reloaded before import = 0
Number of asset objects unloaded after import = 9
========================================================================
Received Import Request.
  Time since last request: 0.000081 seconds.
  path: Assets/Distant Lands/Thalassophobia - Low Poly Oceans/Contents/Prefabs/Environment/Ice/Iceberg 05.prefab
  artifactKey: Guid(439ce70aec1a4e14c82890cc4cfdb056) Importer(815301076,1909f56bfc062723c751e8b465ee728b)
Start importing Assets/Distant Lands/Thalassophobia - Low Poly Oceans/Contents/Prefabs/Environment/Ice/Iceberg 05.prefab using Guid(439ce70aec1a4e14c82890cc4cfdb056) Importer(815301076,1909f56bfc062723c751e8b465ee728b)  -> (artifact id: 'c2d99d65a3d1a4e6c91f239144b96f44') in 0.008009 seconds
Number of updated asset objects reloaded before import = 0
Number of asset objects unloaded after import = 9
========================================================================
Received Import Request.
  Time since last request: 83.922904 seconds.
  path: Assets/Distant Lands/Thalassophobia - Low Poly Oceans/Contents/Prefabs/Environment/Coral/Soft Corals/Bulbous Coral 2.prefab
  artifactKey: Guid(09a0627b74fbd364296f94e6b9e29de2) Importer(815301076,1909f56bfc062723c751e8b465ee728b)
Start importing Assets/Distant Lands/Thalassophobia - Low Poly Oceans/Contents/Prefabs/Environment/Coral/Soft Corals/Bulbous Coral 2.prefab using Guid(09a0627b74fbd364296f94e6b9e29de2) Importer(815301076,1909f56bfc062723c751e8b465ee728b)  -> (artifact id: 'bf46ce46a1914178f3d5f2ee90b2b281') in 0.010737 seconds
Number of updated asset objects reloaded before import = 0
Number of asset objects unloaded after import = 10
========================================================================
Received Import Request.
  Time since last request: 0.000082 seconds.
  path: Assets/Distant Lands/Thalassophobia - Low Poly Oceans/Contents/Prefabs/Environment/Coral/Soft Corals/Bulbous Coral 3.prefab
  artifactKey: Guid(f73d81fb6d5869f48bfba58f808009b4) Importer(815301076,1909f56bfc062723c751e8b465ee728b)
Start importing Assets/Distant Lands/Thalassophobia - Low Poly Oceans/Contents/Prefabs/Environment/Coral/Soft Corals/Bulbous Coral 3.prefab using Guid(f73d81fb6d5869f48bfba58f808009b4) Importer(815301076,1909f56bfc062723c751e8b465ee728b)  -> (artifact id: '682d75ddf3cab27a6ea8dcc6f8939343') in 0.007648 seconds
Number of updated asset objects reloaded before import = 0
Number of asset objects unloaded after import = 10
========================================================================
Received Import Request.
  Time since last request: 0.000071 seconds.
  path: Assets/Distant Lands/Thalassophobia - Low Poly Oceans/Contents/Prefabs/Environment/Coral/Soft Corals/Bulbous Coral 4.prefab
  artifactKey: Guid(b26225a3f22c6794fb592a754df98bac) Importer(815301076,1909f56bfc062723c751e8b465ee728b)
Start importing Assets/Distant Lands/Thalassophobia - Low Poly Oceans/Contents/Prefabs/Environment/Coral/Soft Corals/Bulbous Coral 4.prefab using Guid(b26225a3f22c6794fb592a754df98bac) Importer(815301076,1909f56bfc062723c751e8b465ee728b)  -> (artifact id: '8dbc897f07efa23a76127409a10ef14b') in 0.008513 seconds
Number of updated asset objects reloaded before import = 0
Number of asset objects unloaded after import = 10
========================================================================
Received Prepare
Begin MonoManager ReloadAssembly
- Loaded All Assemblies, in  0.509 seconds
Refreshing native plugins compatible for Editor in 1.29 ms, found 2 plugins.
Native extension for OSXStandalone target not found
Native extension for WebGL target not found
[Package Manager] Server::EnsureServerProcessIsRunning -- launch failed, reason: Unity was launched with the -noUpm command-line argument
[Package Manager] UpmClient::Send -- Unable to send message (not connected to UPM process).
[Package Manager] Cannot connect to Unity Package Manager local server
Mono: successfully reloaded assembly
- Finished resetting the current domain, in  1.030 seconds
Domain Reload Profiling: 1539ms
	BeginReloadAssembly (181ms)
		ExecutionOrderSort (0ms)
		DisableScriptedObjects (6ms)
		BackupInstance (0ms)
		ReleaseScriptingObjects (0ms)
		CreateAndSetChildDomain (61ms)
	RebuildCommonClasses (51ms)
	RebuildNativeTypeToScriptingClass (16ms)
	initialDomainReloadingComplete (29ms)
	LoadAllAssembliesAndSetupDomain (232ms)
		LoadAssemblies (294ms)
		RebuildTransferFunctionScriptingTraits (0ms)
		AnalyzeDomain (18ms)
			TypeCache.Refresh (7ms)
				TypeCache.ScanAssembly (0ms)
			ScanForSourceGeneratedMonoScriptInfo (0ms)
			ResolveRequiredComponents (7ms)
	FinalizeReload (1030ms)
		ReleaseScriptCaches (0ms)
		RebuildScriptCaches (0ms)
		SetupLoadedEditorAssemblies (669ms)
			LogAssemblyErrors (0ms)
			InitializePlatformSupportModulesInManaged (11ms)
			SetLoadedEditorAssemblies (16ms)
			RefreshPlugins (0ms)
			BeforeProcessingInitializeOnLoad (86ms)
			ProcessInitializeOnLoadAttributes (531ms)
			ProcessInitializeOnLoadMethodAttributes (24ms)
			AfterProcessingInitializeOnLoad (1ms)
			EditorAssembliesLoaded (0ms)
		ExecutionOrderSort2 (0ms)
		AwakeInstancesAfterBackupRestoration (5ms)
Shader 'Nature/Terrain/StylizedTerrain': dependency 'BaseMapShader' shader 'ASESampleShaders/SimpleTerrainBase' not found
Shader 'Nature/Terrain/StylizedTerrain': dependency 'AddPassShader' shader 'ASESampleShaders/Terrain/SimpleTerrainAddPass' not found
Shader 'Nature/Terrain/StylizedTerrain': dependency 'BaseMapShader' shader 'ASESampleShaders/SimpleTerrainBase' not found
Shader 'Nature/Terrain/StylizedTerrain': dependency 'AddPassShader' shader 'ASESampleShaders/Terrain/SimpleTerrainAddPass' not found
Shader 'Distant Lands/Stylized Terrain First Pass': dependency 'BaseMapShader' shader 'Distant Lands/Stylized Terrain' not found
Shader 'Nature/Terrain/StylizedTerrain': dependency 'BaseMapShader' shader 'ASESampleShaders/SimpleTerrainBase' not found
Shader 'Nature/Terrain/StylizedTerrain': dependency 'AddPassShader' shader 'ASESampleShaders/Terrain/SimpleTerrainAddPass' not found
Refreshing native plugins compatible for Editor in 1.02 ms, found 2 plugins.
Preloading 0 native plugins for Editor in 0.00 ms.
Unloading 3084 Unused Serialized files (Serialized files now loaded: 0)
Unloading 24 unused Assets / (2.3 MB). Loaded Objects now: 3602.
Memory consumption went from 163.8 MB to 161.5 MB.
Total: 5.740695 ms (FindLiveObjects: 0.357574 ms CreateObjectMapping: 0.318503 ms MarkObjects: 4.503433 ms  DeleteObjects: 0.560037 ms)

Prepare: number of updated asset objects reloaded= 0
AssetImportParameters requested are different than current active one (requested -> active):
  custom:container-demuxer-ogg: 62fdf1f143b41e24485cea50d1cbac27 -> 
  custom:video-decoder-ogg-theora: a1e56fd34408186e4bbccfd4996cb3dc -> 
  custom:CustomObjectIndexerAttribute: 6d391050e5a25f67b0a2c618074f2cd9 -> 
  custom:container-demuxer-webm: 4f35f7cbe854078d1ac9338744f61a02 -> 
  custom:container-muxer-webm: aa71ff27fc2769a1b78a27578f13a17b -> 
  custom:video-decoder-webm-vp8: 9c59270c3fd7afecdb556c50c9e8de78 -> 
  custom:SearchIndexIgnoredProperties: e643bd26f0fe6173181afceb89e7c659 -> 
  custom:AudioImporter_EditorPlatform: 3918e3fc78b5a79bad01e8451be0beb8 -> 
  custom:scripting/monoscript/fileName/GreatWhiteShark.cs: fa9b7dd6811f5e6a484e230fa3ebdb85 -> 
  custom:framework-osx-AVFoundation: e770b220cccbd017edd2c1fefb359320 -> 
  custom:video-encoder-webm-vp8: eb34c28f22e8b96e1ab97ce403110664 -> 
  custom:audio-decoder-ogg-vorbis: bf7c407c2cedff20999df2af8eb42d56 -> 
  custom:audio-encoder-webm-vorbis: bf7c407c2cedff20999df2af8eb42d56 -> 
========================================================================
Received Import Request.
  Time since last request: 94.373472 seconds.
  path: Assets/Distant Lands/Thalassophobia - Low Poly Oceans/Contents/Prefabs/Environment/Coral/Soft Corals/Bulbous Coral 2.prefab
  artifactKey: Guid(09a0627b74fbd364296f94e6b9e29de2) Importer(815301076,1909f56bfc062723c751e8b465ee728b)
Start importing Assets/Distant Lands/Thalassophobia - Low Poly Oceans/Contents/Prefabs/Environment/Coral/Soft Corals/Bulbous Coral 2.prefab using Guid(09a0627b74fbd364296f94e6b9e29de2) Importer(815301076,1909f56bfc062723c751e8b465ee728b)  -> (artifact id: '00000000000000000000000000000000') in 0.075937 seconds
Import Error Code:(4)
Message: Build asset version error: 
  ERROR: Build asset version error: 
Number of updated asset objects reloaded before import = 0
Number of asset objects unloaded after import = 2
========================================================================
Received Import Request.
  Time since last request: 31.093951 seconds.
  path: Assets/Distant Lands/Thalassophobia - Low Poly Oceans/Contents/Prefabs/Environment/Coral/Soft Corals/Bulbous Coral 2.prefab
  artifactKey: Guid(09a0627b74fbd364296f94e6b9e29de2) Importer(815301076,1909f56bfc062723c751e8b465ee728b)
Start importing Assets/Distant Lands/Thalassophobia - Low Poly Oceans/Contents/Prefabs/Environment/Coral/Soft Corals/Bulbous Coral 2.prefab using Guid(09a0627b74fbd364296f94e6b9e29de2) Importer(815301076,1909f56bfc062723c751e8b465ee728b)  -> (artifact id: '6adfb7ad39b5303ffc6db79f4ccc8626') in 0.011768 seconds
Number of updated asset objects reloaded before import = 0
Number of asset objects unloaded after import = 10
========================================================================
Received Import Request.
  Time since last request: 0.000074 seconds.
  path: Assets/Distant Lands/Thalassophobia - Low Poly Oceans/Contents/Prefabs/Environment/Coral/Soft Corals/Bulbous Coral 3.prefab
  artifactKey: Guid(f73d81fb6d5869f48bfba58f808009b4) Importer(815301076,1909f56bfc062723c751e8b465ee728b)
Start importing Assets/Distant Lands/Thalassophobia - Low Poly Oceans/Contents/Prefabs/Environment/Coral/Soft Corals/Bulbous Coral 3.prefab using Guid(f73d81fb6d5869f48bfba58f808009b4) Importer(815301076,1909f56bfc062723c751e8b465ee728b)  -> (artifact id: '8487f17460be8bae3116dddf802758e0') in 0.008724 seconds
Number of updated asset objects reloaded before import = 0
Number of asset objects unloaded after import = 10
========================================================================
Received Import Request.
  Time since last request: 0.000082 seconds.
  path: Assets/Distant Lands/Thalassophobia - Low Poly Oceans/Contents/Prefabs/Environment/Coral/Soft Corals/Bulbous Coral 4.prefab
  artifactKey: Guid(b26225a3f22c6794fb592a754df98bac) Importer(815301076,1909f56bfc062723c751e8b465ee728b)
Start importing Assets/Distant Lands/Thalassophobia - Low Poly Oceans/Contents/Prefabs/Environment/Coral/Soft Corals/Bulbous Coral 4.prefab using Guid(b26225a3f22c6794fb592a754df98bac) Importer(815301076,1909f56bfc062723c751e8b465ee728b)  -> (artifact id: 'c7c654789cdfd732af23bfcf6582199e') in 0.009389 seconds
Number of updated asset objects reloaded before import = 0
Number of asset objects unloaded after import = 10
========================================================================
Received Import Request.
  Time since last request: 31.810766 seconds.
  path: Assets/Distant Lands/Thalassophobia - Low Poly Oceans/Contents/Prefabs/Environment/Coral/Soft Corals/Bulbous Coral 3.prefab
  artifactKey: Guid(f73d81fb6d5869f48bfba58f808009b4) Importer(815301076,1909f56bfc062723c751e8b465ee728b)
Start importing Assets/Distant Lands/Thalassophobia - Low Poly Oceans/Contents/Prefabs/Environment/Coral/Soft Corals/Bulbous Coral 3.prefab using Guid(f73d81fb6d5869f48bfba58f808009b4) Importer(815301076,1909f56bfc062723c751e8b465ee728b)  -> (artifact id: 'afbf4f8076f1def42df53438bfaec6fc') in 0.012927 seconds
Number of updated asset objects reloaded before import = 0
Number of asset objects unloaded after import = 10
Editor requested this worker to shutdown with reason: Scaling down because of idle timeout
TcpMessagingSession - receive error: operation aborted. errorcode: 89, details: Operation aborted.
AssetImportWorker is now disconnected from the server
Process exiting
